<?xml version="1.0" encoding="UTF-8"?>
<coverage generated="1783224098623" clover="3.2.0">
  <project timestamp="1783224098623" name="All files">
    <metrics statements="178" coveredstatements="176" conditionals="96" coveredconditionals="90" methods="87" coveredmethods="87" elements="361" coveredelements="353" complexity="0" loc="178" ncloc="178" packages="3" files="11" classes="11"/>
    <package name="components">
      <metrics statements="89" coveredstatements="87" conditionals="64" coveredconditionals="59" methods="39" coveredmethods="39"/>
      <file name="ConfirmationModal.tsx" path="/home/sergiocasallas/Documents/mini-tienda-productos/src/components/ConfirmationModal.tsx">
        <metrics statements="3" coveredstatements="3" conditionals="5" coveredconditionals="5" methods="2" coveredmethods="2"/>
        <line num="18" count="2" type="stmt"/>
        <line num="30" count="22" type="stmt"/>
        <line num="45" count="1" type="stmt"/>
      </file>
      <file name="EmptyState.tsx" path="/home/sergiocasallas/Documents/mini-tienda-productos/src/components/EmptyState.tsx">
        <metrics statements="2" coveredstatements="2" conditionals="0" coveredconditionals="0" methods="1" coveredmethods="1"/>
        <line num="9" count="1" type="stmt"/>
        <line num="10" count="2" type="stmt"/>
      </file>
      <file name="ProductListItem.tsx" path="/home/sergiocasallas/Documents/mini-tienda-productos/src/components/ProductListItem.tsx">
        <metrics statements="6" coveredstatements="6" conditionals="15" coveredconditionals="15" methods="4" coveredmethods="4"/>
        <line num="14" count="2" type="stmt"/>
        <line num="21" count="23" type="stmt"/>
        <line num="26" count="3" type="stmt"/>
        <line num="27" count="3" type="cond" truecount="2" falsecount="0"/>
        <line num="58" count="2" type="stmt"/>
        <line num="59" count="20" type="stmt"/>
      </file>
      <file name="SkeletonLoader.tsx" path="/home/sergiocasallas/Documents/mini-tienda-productos/src/components/SkeletonLoader.tsx">
        <metrics statements="6" coveredstatements="6" conditionals="2" coveredconditionals="1" methods="3" coveredmethods="3"/>
        <line num="18" count="1" type="stmt"/>
        <line num="24" count="9" type="stmt"/>
        <line num="26" count="9" type="stmt"/>
        <line num="27" count="9" type="stmt"/>
        <line num="37" count="9" type="stmt"/>
        <line num="41" count="9" type="stmt"/>
      </file>
      <file name="SuggestedProducts.tsx" path="/home/sergiocasallas/Documents/mini-tienda-productos/src/components/SuggestedProducts.tsx">
        <metrics statements="35" coveredstatements="33" conditionals="22" coveredconditionals="19" methods="16" coveredmethods="16"/>
        <line num="23" count="1" type="stmt"/>
        <line num="29" count="10" type="stmt"/>
        <line num="31" count="10" type="stmt"/>
        <line num="32" count="10" type="cond" truecount="2" falsecount="0"/>
        <line num="33" count="2" type="stmt"/>
        <line num="38" count="8" type="stmt"/>
        <line num="42" count="10" type="stmt"/>
        <line num="46" count="10" type="stmt"/>
        <line num="47" count="2" type="stmt"/>
        <line num="50" count="10" type="stmt"/>
        <line num="51" count="1" type="stmt"/>
        <line num="54" count="10" type="stmt"/>
        <line num="104" count="1" type="stmt"/>
        <line num="107" count="4" type="cond" truecount="4" falsecount="0"/>
        <line num="118" count="1" type="stmt"/>
        <line num="122" count="7" type="stmt"/>
        <line num="123" count="23" type="stmt"/>
        <line num="124" count="23" type="stmt"/>
        <line num="126" count="7" type="stmt"/>
        <line num="127" count="5" type="cond" truecount="4" falsecount="0"/>
        <line num="129" count="12" type="stmt"/>
        <line num="131" count="4" type="stmt"/>
        <line num="133" count="4" type="stmt"/>
        <line num="136" count="7" type="stmt"/>
        <line num="138" count="12" type="stmt"/>
        <line num="139" count="12" type="stmt"/>
        <line num="151" count="16" type="stmt"/>
        <line num="153" count="7" type="cond" truecount="1" falsecount="1"/>
        <line num="154" count="0" type="stmt"/>
        <line num="157" count="7" type="cond" truecount="2" falsecount="0"/>
        <line num="158" count="1" type="stmt"/>
        <line num="163" count="3" type="stmt"/>
        <line num="174" count="6" type="cond" truecount="1" falsecount="1"/>
        <line num="175" count="0" type="stmt"/>
        <line num="178" count="6" type="stmt"/>
      </file>
      <file name="SwipeableRow.tsx" path="/home/sergiocasallas/Documents/mini-tienda-productos/src/components/SwipeableRow.tsx">
        <metrics statements="24" coveredstatements="24" conditionals="13" coveredconditionals="12" methods="8" coveredmethods="8"/>
        <line num="12" count="1" type="stmt"/>
        <line num="18" count="7" type="stmt"/>
        <line num="19" count="7" type="stmt"/>
        <line num="20" count="7" type="stmt"/>
        <line num="22" count="7" type="stmt"/>
        <line num="23" count="7" type="stmt"/>
        <line num="31" count="7" type="stmt"/>
        <line num="34" count="2" type="stmt"/>
        <line num="35" count="2" type="cond" truecount="3" falsecount="0"/>
        <line num="38" count="1" type="stmt"/>
        <line num="39" count="1" type="stmt"/>
        <line num="42" count="3" type="cond" truecount="2" falsecount="0"/>
        <line num="43" count="3" type="stmt"/>
        <line num="45" count="3" type="cond" truecount="4" falsecount="0"/>
        <line num="46" count="2" type="stmt"/>
        <line num="51" count="2" type="stmt"/>
        <line num="54" count="1" type="stmt"/>
        <line num="62" count="1" type="stmt"/>
        <line num="64" count="1" type="stmt"/>
        <line num="74" count="7" type="stmt"/>
        <line num="80" count="7" type="stmt"/>
        <line num="86" count="7" type="stmt"/>
        <line num="92" count="7" type="stmt"/>
        <line num="118" count="1" type="stmt"/>
      </file>
      <file name="Toast.tsx" path="/home/sergiocasallas/Documents/mini-tienda-productos/src/components/Toast.tsx">
        <metrics statements="13" coveredstatements="13" conditionals="7" coveredconditionals="7" methods="5" coveredmethods="5"/>
        <line num="14" count="1" type="stmt"/>
        <line num="22" count="3" type="stmt"/>
        <line num="23" count="3" type="stmt"/>
        <line num="25" count="3" type="stmt"/>
        <line num="26" count="3" type="cond" truecount="2" falsecount="0"/>
        <line num="27" count="2" type="stmt"/>
        <line num="40" count="2" type="stmt"/>
        <line num="41" count="1" type="stmt"/>
        <line num="53" count="1" type="stmt"/>
        <line num="57" count="2" type="stmt"/>
        <line num="61" count="3" type="cond" truecount="2" falsecount="0"/>
        <line num="63" count="2" type="stmt"/>
        <line num="80" count="1" type="stmt"/>
      </file>
    </package>
    <package name="screens">
      <metrics statements="60" coveredstatements="60" conditionals="26" coveredconditionals="25" methods="24" coveredmethods="24"/>
      <file name="FavoritesScreen.tsx" path="/home/sergiocasallas/Documents/mini-tienda-productos/src/screens/FavoritesScreen.tsx">
        <metrics statements="44" coveredstatements="44" conditionals="16" coveredconditionals="15" methods="20" coveredmethods="20"/>
        <line num="15" count="1" type="stmt"/>
        <line num="16" count="56" type="stmt"/>
        <line num="17" count="56" type="stmt"/>
        <line num="18" count="56" type="stmt"/>
        <line num="19" count="18" type="stmt"/>
        <line num="21" count="18" type="stmt"/>
        <line num="22" count="18" type="stmt"/>
        <line num="24" count="18" type="stmt"/>
        <line num="26" count="18" type="stmt"/>
        <line num="27" count="4" type="stmt"/>
        <line num="28" count="4" type="cond" truecount="2" falsecount="0"/>
        <line num="29" count="1" type="stmt"/>
        <line num="31" count="3" type="stmt"/>
        <line num="36" count="18" type="stmt"/>
        <line num="37" count="2" type="cond" truecount="2" falsecount="0"/>
        <line num="38" count="1" type="stmt"/>
        <line num="40" count="1" type="stmt"/>
        <line num="44" count="18" type="stmt"/>
        <line num="45" count="3" type="stmt"/>
        <line num="48" count="18" type="stmt"/>
        <line num="49" count="3" type="stmt"/>
        <line num="52" count="18" type="stmt"/>
        <line num="53" count="2" type="cond" truecount="2" falsecount="0"/>
        <line num="54" count="1" type="stmt"/>
        <line num="55" count="1" type="stmt"/>
        <line num="57" count="1" type="stmt"/>
        <line num="59" count="2" type="stmt"/>
        <line num="62" count="18" type="stmt"/>
        <line num="63" count="18" type="cond" truecount="2" falsecount="0"/>
        <line num="64" count="4" type="stmt"/>
        <line num="67" count="1" type="stmt"/>
        <line num="68" count="1" type="stmt"/>
        <line num="76" count="1" type="stmt"/>
        <line num="86" count="14" type="stmt"/>
        <line num="89" count="2" type="cond" truecount="1" falsecount="1"/>
        <line num="102" count="18" type="stmt"/>
        <line num="103" count="21" type="stmt"/>
        <line num="104" count="21" type="stmt"/>
        <line num="117" count="18" type="stmt"/>
        <line num="118" count="18" type="cond" truecount="2" falsecount="0"/>
        <line num="119" count="16" type="stmt"/>
        <line num="129" count="18" type="stmt"/>
        <line num="134" count="28" type="stmt"/>
        <line num="143" count="1" type="stmt"/>
      </file>
      <file name="LoginScreen.tsx" path="/home/sergiocasallas/Documents/mini-tienda-productos/src/screens/LoginScreen.tsx">
        <metrics statements="16" coveredstatements="16" conditionals="10" coveredconditionals="10" methods="4" coveredmethods="4"/>
        <line num="17" count="1" type="stmt"/>
        <line num="18" count="28" type="stmt"/>
        <line num="19" count="9" type="stmt"/>
        <line num="20" count="9" type="stmt"/>
        <line num="21" count="9" type="stmt"/>
        <line num="22" count="9" type="stmt"/>
        <line num="24" count="9" type="stmt"/>
        <line num="25" count="2" type="cond" truecount="4" falsecount="0"/>
        <line num="26" count="1" type="stmt"/>
        <line num="27" count="1" type="stmt"/>
        <line num="29" count="1" type="stmt"/>
        <line num="30" count="1" type="stmt"/>
        <line num="33" count="1" type="stmt"/>
        <line num="34" count="1" type="stmt"/>
        <line num="35" count="1" type="stmt"/>
        <line num="39" count="9" type="stmt"/>
      </file>
    </package>
    <package name="store">
      <metrics statements="29" coveredstatements="29" conditionals="6" coveredconditionals="6" methods="24" coveredmethods="24"/>
      <file name="authStore.ts" path="/home/sergiocasallas/Documents/mini-tienda-productos/src/store/authStore.ts">
        <metrics statements="11" coveredstatements="11" conditionals="2" coveredconditionals="2" methods="7" coveredmethods="7"/>
        <line num="5" count="2" type="stmt"/>
        <line num="7" count="2" type="stmt"/>
        <line num="9" count="12" type="stmt"/>
        <line num="12" count="2" type="stmt"/>
        <line num="13" count="2" type="cond" truecount="2" falsecount="0"/>
        <line num="16" count="1" type="stmt"/>
        <line num="27" count="2" type="stmt"/>
        <line num="29" count="2" type="stmt"/>
        <line num="32" count="3" type="stmt"/>
        <line num="33" count="1" type="stmt"/>
        <line num="37" count="2" type="stmt"/>
      </file>
      <file name="favoritesStore.ts" path="/home/sergiocasallas/Documents/mini-tienda-productos/src/store/favoritesStore.ts">
        <metrics statements="18" coveredstatements="18" conditionals="4" coveredconditionals="4" methods="17" coveredmethods="17"/>
        <line num="6" count="3" type="stmt"/>
        <line num="8" count="3" type="stmt"/>
        <line num="10" count="41" type="stmt"/>
        <line num="13" count="3" type="stmt"/>
        <line num="14" count="3" type="cond" truecount="2" falsecount="0"/>
        <line num="17" count="1" type="stmt"/>
        <line num="31" count="3" type="stmt"/>
        <line num="33" count="3" type="stmt"/>
        <line num="35" count="9" type="stmt"/>
        <line num="37" count="3" type="stmt"/>
        <line num="39" count="5" type="stmt"/>
        <line num="41" count="4" type="stmt"/>
        <line num="42" count="4" type="cond" truecount="2" falsecount="0"/>
        <line num="43" count="2" type="stmt"/>
        <line num="45" count="2" type="stmt"/>
        <line num="48" count="4" type="stmt"/>
        <line num="49" count="2" type="stmt"/>
        <line num="53" count="3" type="stmt"/>
      </file>
    </package>
  </project>
</coverage>
