{"/home/sergiocasallas/Documents/mini-tienda-productos/src/components/ConfirmationModal.tsx": {"path":"/home/sergiocasallas/Documents/mini-tienda-productos/src/components/ConfirmationModal.tsx","statementMap":{"0":{"start":{"line":18,"column":67},"end":{"line":80,"column":1}},"1":{"start":{"line":30,"column":2},"end":{"line":79,"column":4}},"2":{"start":{"line":45,"column":26},"end":{"line":45,"column":46}}},"fnMap":{"0":{"name":"(anonymous_0)","decl":{"start":{"line":18,"column":67},"end":{"line":18,"column":68}},"loc":{"start":{"line":29,"column":6},"end":{"line":80,"column":1}},"line":29},"1":{"name":"(anonymous_1)","decl":{"start":{"line":45,"column":19},"end":{"line":45,"column":20}},"loc":{"start":{"line":45,"column":26},"end":{"line":45,"column":46}},"line":45}},"branchMap":{"0":{"loc":{"start":{"line":24,"column":2},"end":{"line":24,"column":27}},"type":"default-arg","locations":[{"start":{"line":24,"column":16},"end":{"line":24,"column":27}}],"line":24},"1":{"loc":{"start":{"line":25,"column":2},"end":{"line":25,"column":25}},"type":"default-arg","locations":[{"start":{"line":25,"column":15},"end":{"line":25,"column":25}}],"line":25},"2":{"loc":{"start":{"line":26,"column":2},"end":{"line":26,"column":34}},"type":"default-arg","locations":[{"start":{"line":26,"column":13},"end":{"line":26,"column":34}}],"line":26},"3":{"loc":{"start":{"line":27,"column":2},"end":{"line":27,"column":23}},"type":"default-arg","locations":[{"start":{"line":27,"column":14},"end":{"line":27,"column":23}}],"line":27},"4":{"loc":{"start":{"line":28,"column":2},"end":{"line":28,"column":28}},"type":"default-arg","locations":[{"start":{"line":28,"column":16},"end":{"line":28,"column":28}}],"line":28}},"s":{"0":2,"1":22,"2":1},"f":{"0":22,"1":1},"b":{"0":[3],"1":[3],"2":[4],"3":[4],"4":[4]},"_coverageSchema":"1a1c01bbd47fc00a2c39e90264f33305004495a9","hash":"b3b32fa12c3ac0fc87144f246f864222e962f07c"}
,"/home/sergiocasallas/Documents/mini-tienda-productos/src/components/EmptyState.tsx": {"path":"/home/sergiocasallas/Documents/mini-tienda-productos/src/components/EmptyState.tsx","statementMap":{"0":{"start":{"line":9,"column":53},"end":{"line":16,"column":1}},"1":{"start":{"line":10,"column":2},"end":{"line":15,"column":4}}},"fnMap":{"0":{"name":"(anonymous_0)","decl":{"start":{"line":9,"column":53},"end":{"line":9,"column":54}},"loc":{"start":{"line":9,"column":70},"end":{"line":16,"column":1}},"line":9}},"branchMap":{},"s":{"0":1,"1":2},"f":{"0":2},"b":{},"_coverageSchema":"1a1c01bbd47fc00a2c39e90264f33305004495a9","hash":"f5727870c0ee73d34ee111e4a1373333187e6260"}
,"/home/sergiocasallas/Documents/mini-tienda-productos/src/components/ProductListItem.tsx": {"path":"/home/sergiocasallas/Documents/mini-tienda-productos/src/components/ProductListItem.tsx","statementMap":{"0":{"start":{"line":14,"column":65},"end":{"line":56,"column":1}},"1":{"start":{"line":21,"column":2},"end":{"line":55,"column":4}},"2":{"start":{"line":26,"column":21},"end":{"line":26,"column":40}},"3":{"start":{"line":27,"column":39},"end":{"line":27,"column":62}},"4":{"start":{"line":58,"column":31},"end":{"line":66,"column":2}},"5":{"start":{"line":59,"column":2},"end":{"line":65,"column":4}}},"fnMap":{"0":{"name":"(anonymous_0)","decl":{"start":{"line":14,"column":65},"end":{"line":14,"column":66}},"loc":{"start":{"line":20,"column":6},"end":{"line":56,"column":1}},"line":20},"1":{"name":"(anonymous_1)","decl":{"start":{"line":26,"column":15},"end":{"line":26,"column":16}},"loc":{"start":{"line":26,"column":21},"end":{"line":26,"column":40}},"line":26},"2":{"name":"(anonymous_2)","decl":{"start":{"line":27,"column":33},"end":{"line":27,"column":34}},"loc":{"start":{"line":27,"column":39},"end":{"line":27,"column":62}},"line":27},"3":{"name":"(anonymous_3)","decl":{"start":{"line":58,"column":62},"end":{"line":58,"column":63}},"loc":{"start":{"line":58,"column":78},"end":{"line":66,"column":1}},"line":58}},"branchMap":{"0":{"loc":{"start":{"line":18,"column":2},"end":{"line":18,"column":20}},"type":"default-arg","locations":[{"start":{"line":18,"column":15},"end":{"line":18,"column":20}}],"line":18},"1":{"loc":{"start":{"line":19,"column":2},"end":{"line":19,"column":20}},"type":"default-arg","locations":[{"start":{"line":19,"column":15},"end":{"line":19,"column":20}}],"line":19},"2":{"loc":{"start":{"line":24,"column":8},"end":{"line":24,"column":72}},"type":"cond-expr","locations":[{"start":{"line":24,"column":21},"end":{"line":24,"column":59}},{"start":{"line":24,"column":62},"end":{"line":24,"column":72}}],"line":24},"3":{"loc":{"start":{"line":27,"column":19},"end":{"line":27,"column":74}},"type":"cond-expr","locations":[{"start":{"line":27,"column":33},"end":{"line":27,"column":62}},{"start":{"line":27,"column":65},"end":{"line":27,"column":74}}],"line":27},"4":{"loc":{"start":{"line":31,"column":7},"end":{"line":35,"column":7}},"type":"binary-expr","locations":[{"start":{"line":31,"column":7},"end":{"line":31,"column":17}},{"start":{"line":32,"column":8},"end":{"line":34,"column":15}}],"line":31},"5":{"loc":{"start":{"line":49,"column":7},"end":{"line":53,"column":7}},"type":"binary-expr","locations":[{"start":{"line":49,"column":7},"end":{"line":49,"column":17}},{"start":{"line":50,"column":8},"end":{"line":52,"column":15}}],"line":49},"6":{"loc":{"start":{"line":60,"column":4},"end":{"line":64,"column":41}},"type":"binary-expr","locations":[{"start":{"line":60,"column":4},"end":{"line":60,"column":39}},{"start":{"line":61,"column":4},"end":{"line":61,"column":39}},{"start":{"line":62,"column":4},"end":{"line":62,"column":39}},{"start":{"line":63,"column":4},"end":{"line":63,"column":33}},{"start":{"line":64,"column":4},"end":{"line":64,"column":41}}],"line":60}},"s":{"0":2,"1":23,"2":3,"3":3,"4":2,"5":20},"f":{"0":23,"1":3,"2":3,"3":20},"b":{"0":[1],"1":[2],"2":[4,19],"3":[21,2],"4":[23,4],"5":[23,1],"6":[20,19,18,12,2]},"_coverageSchema":"1a1c01bbd47fc00a2c39e90264f33305004495a9","hash":"890cd8d36cdb57bc265db92421b7bb95bd28fa6e"}
,"/home/sergiocasallas/Documents/mini-tienda-productos/src/components/SwipeableRow.tsx": {"path":"/home/sergiocasallas/Documents/mini-tienda-productos/src/components/SwipeableRow.tsx","statementMap":{"0":{"start":{"line":12,"column":57},"end":{"line":116,"column":1}},"1":{"start":{"line":18,"column":14},"end":{"line":18,"column":52}},"2":{"start":{"line":19,"column":26},"end":{"line":19,"column":46}},"3":{"start":{"line":20,"column":2},"end":{"line":20,"column":41}},"4":{"start":{"line":22,"column":2},"end":{"line":29,"column":26}},"5":{"start":{"line":23,"column":4},"end":{"line":28,"column":15}},"6":{"start":{"line":31,"column":23},"end":{"line":72,"column":11}},"7":{"start":{"line":34,"column":35},"end":{"line":34,"column":94}},"8":{"start":{"line":35,"column":8},"end":{"line":35,"column":91}},"9":{"start":{"line":38,"column":21},"end":{"line":38,"column":49}},"10":{"start":{"line":39,"column":8},"end":{"line":39,"column":29}},"11":{"start":{"line":42,"column":24},"end":{"line":42,"column":69}},"12":{"start":{"line":43,"column":32},"end":{"line":43,"column":64}},"13":{"start":{"line":45,"column":8},"end":{"line":60,"column":9}},"14":{"start":{"line":46,"column":10},"end":{"line":52,"column":13}},"15":{"start":{"line":51,"column":12},"end":{"line":51,"column":38}},"16":{"start":{"line":54,"column":10},"end":{"line":59,"column":21}},"17":{"start":{"line":62,"column":46},"end":{"line":62,"column":51}},"18":{"start":{"line":64,"column":8},"end":{"line":69,"column":19}},"19":{"start":{"line":74,"column":20},"end":{"line":78,"column":4}},"20":{"start":{"line":80,"column":22},"end":{"line":84,"column":4}},"21":{"start":{"line":86,"column":20},"end":{"line":90,"column":4}},"22":{"start":{"line":92,"column":2},"end":{"line":115,"column":4}},"23":{"start":{"line":118,"column":15},"end":{"line":136,"column":2}}},"fnMap":{"0":{"name":"(anonymous_0)","decl":{"start":{"line":12,"column":57},"end":{"line":12,"column":58}},"loc":{"start":{"line":17,"column":6},"end":{"line":116,"column":1}},"line":17},"1":{"name":"(anonymous_1)","decl":{"start":{"line":22,"column":12},"end":{"line":22,"column":13}},"loc":{"start":{"line":22,"column":18},"end":{"line":29,"column":3}},"line":22},"2":{"name":"(anonymous_2)","decl":{"start":{"line":33,"column":35},"end":{"line":33,"column":36}},"loc":{"start":{"line":33,"column":58},"end":{"line":36,"column":7}},"line":33},"3":{"name":"(anonymous_3)","decl":{"start":{"line":37,"column":26},"end":{"line":37,"column":27}},"loc":{"start":{"line":37,"column":49},"end":{"line":40,"column":7}},"line":37},"4":{"name":"(anonymous_4)","decl":{"start":{"line":41,"column":29},"end":{"line":41,"column":30}},"loc":{"start":{"line":41,"column":52},"end":{"line":61,"column":7}},"line":41},"5":{"name":"(anonymous_5)","decl":{"start":{"line":50,"column":19},"end":{"line":50,"column":20}},"loc":{"start":{"line":50,"column":25},"end":{"line":52,"column":11}},"line":50},"6":{"name":"(anonymous_6)","decl":{"start":{"line":62,"column":40},"end":{"line":62,"column":41}},"loc":{"start":{"line":62,"column":46},"end":{"line":62,"column":51}},"line":62},"7":{"name":"(anonymous_7)","decl":{"start":{"line":63,"column":31},"end":{"line":63,"column":32}},"loc":{"start":{"line":63,"column":37},"end":{"line":70,"column":7}},"line":63}},"branchMap":{"0":{"loc":{"start":{"line":15,"column":2},"end":{"line":15,"column":22}},"type":"default-arg","locations":[{"start":{"line":15,"column":19},"end":{"line":15,"column":22}}],"line":15},"1":{"loc":{"start":{"line":16,"column":2},"end":{"line":16,"column":20}},"type":"default-arg","locations":[{"start":{"line":16,"column":15},"end":{"line":16,"column":20}}],"line":16},"2":{"loc":{"start":{"line":35,"column":15},"end":{"line":35,"column":90}},"type":"binary-expr","locations":[{"start":{"line":35,"column":15},"end":{"line":35,"column":45}},{"start":{"line":35,"column":49},"end":{"line":35,"column":67}},{"start":{"line":35,"column":71},"end":{"line":35,"column":90}}],"line":35},"3":{"loc":{"start":{"line":42,"column":24},"end":{"line":42,"column":69}},"type":"binary-expr","locations":[{"start":{"line":42,"column":24},"end":{"line":42,"column":45}},{"start":{"line":42,"column":49},"end":{"line":42,"column":69}}],"line":42},"4":{"loc":{"start":{"line":45,"column":8},"end":{"line":60,"column":9}},"type":"if","locations":[{"start":{"line":45,"column":8},"end":{"line":60,"column":9}},{"start":{"line":53,"column":15},"end":{"line":60,"column":9}}],"line":45},"5":{"loc":{"start":{"line":45,"column":12},"end":{"line":45,"column":38}},"type":"binary-expr","locations":[{"start":{"line":45,"column":12},"end":{"line":45,"column":27}},{"start":{"line":45,"column":31},"end":{"line":45,"column":38}}],"line":45},"6":{"loc":{"start":{"line":98,"column":29},"end":{"line":98,"column":63}},"type":"cond-expr","locations":[{"start":{"line":98,"column":42},"end":{"line":98,"column":51}},{"start":{"line":98,"column":54},"end":{"line":98,"column":63}}],"line":98}},"s":{"0":1,"1":7,"2":7,"3":7,"4":7,"5":7,"6":7,"7":2,"8":2,"9":1,"10":1,"11":3,"12":3,"13":3,"14":2,"15":2,"16":1,"17":1,"18":1,"19":7,"20":7,"21":7,"22":7,"23":1},"f":{"0":7,"1":7,"2":2,"3":1,"4":3,"5":2,"6":1,"7":1},"b":{"0":[4],"1":[7],"2":[2,1,1],"3":[3,1],"4":[2,1],"5":[3,2],"6":[0,7]},"_coverageSchema":"1a1c01bbd47fc00a2c39e90264f33305004495a9","hash":"5d91bc719efa6873d6af422d689c349b0c8ead2f"}
,"/home/sergiocasallas/Documents/mini-tienda-productos/src/components/Toast.tsx": {"path":"/home/sergiocasallas/Documents/mini-tienda-productos/src/components/Toast.tsx","statementMap":{"0":{"start":{"line":14,"column":43},"end":{"line":78,"column":1}},"1":{"start":{"line":22,"column":19},"end":{"line":22,"column":56}},"2":{"start":{"line":23,"column":20},"end":{"line":23,"column":58}},"3":{"start":{"line":25,"column":2},"end":{"line":59,"column":55}},"4":{"start":{"line":26,"column":4},"end":{"line":58,"column":5}},"5":{"start":{"line":27,"column":6},"end":{"line":38,"column":17}},"6":{"start":{"line":40,"column":20},"end":{"line":55,"column":18}},"7":{"start":{"line":41,"column":8},"end":{"line":54,"column":11}},"8":{"start":{"line":53,"column":10},"end":{"line":53,"column":19}},"9":{"start":{"line":57,"column":6},"end":{"line":57,"column":39}},"10":{"start":{"line":57,"column":19},"end":{"line":57,"column":38}},"11":{"start":{"line":61,"column":2},"end":{"line":61,"column":28}},"12":{"start":{"line":61,"column":16},"end":{"line":61,"column":28}},"13":{"start":{"line":63,"column":2},"end":{"line":77,"column":4}},"14":{"start":{"line":80,"column":15},"end":{"line":88,"column":2}}},"fnMap":{"0":{"name":"(anonymous_0)","decl":{"start":{"line":14,"column":43},"end":{"line":14,"column":44}},"loc":{"start":{"line":21,"column":6},"end":{"line":78,"column":1}},"line":21},"1":{"name":"(anonymous_1)","decl":{"start":{"line":25,"column":12},"end":{"line":25,"column":13}},"loc":{"start":{"line":25,"column":18},"end":{"line":59,"column":3}},"line":25},"2":{"name":"(anonymous_2)","decl":{"start":{"line":40,"column":31},"end":{"line":40,"column":32}},"loc":{"start":{"line":40,"column":37},"end":{"line":55,"column":7}},"line":40},"3":{"name":"(anonymous_3)","decl":{"start":{"line":52,"column":17},"end":{"line":52,"column":18}},"loc":{"start":{"line":52,"column":23},"end":{"line":54,"column":9}},"line":52},"4":{"name":"(anonymous_4)","decl":{"start":{"line":57,"column":13},"end":{"line":57,"column":14}},"loc":{"start":{"line":57,"column":19},"end":{"line":57,"column":38}},"line":57}},"branchMap":{"0":{"loc":{"start":{"line":17,"column":2},"end":{"line":17,"column":17}},"type":"default-arg","locations":[{"start":{"line":17,"column":13},"end":{"line":17,"column":17}}],"line":17},"1":{"loc":{"start":{"line":19,"column":2},"end":{"line":19,"column":39}},"type":"default-arg","locations":[{"start":{"line":19,"column":13},"end":{"line":19,"column":39}}],"line":19},"2":{"loc":{"start":{"line":20,"column":2},"end":{"line":20,"column":23}},"type":"default-arg","locations":[{"start":{"line":20,"column":14},"end":{"line":20,"column":23}}],"line":20},"3":{"loc":{"start":{"line":26,"column":4},"end":{"line":58,"column":5}},"type":"if","locations":[{"start":{"line":26,"column":4},"end":{"line":58,"column":5}},{"start":{},"end":{}}],"line":26},"4":{"loc":{"start":{"line":61,"column":2},"end":{"line":61,"column":28}},"type":"if","locations":[{"start":{"line":61,"column":2},"end":{"line":61,"column":28}},{"start":{},"end":{}}],"line":61}},"s":{"0":1,"1":3,"2":3,"3":3,"4":3,"5":2,"6":2,"7":1,"8":1,"9":2,"10":2,"11":3,"12":1,"13":2,"14":1},"f":{"0":3,"1":3,"2":1,"3":1,"4":2},"b":{"0":[2],"1":[3],"2":[3],"3":[2,1],"4":[1,2]},"_coverageSchema":"1a1c01bbd47fc00a2c39e90264f33305004495a9","hash":"80a0e268b6dd5dcc0672eee2cf20adf36e07f264"}
,"/home/sergiocasallas/Documents/mini-tienda-productos/src/screens/FavoritesScreen.tsx": {"path":"/home/sergiocasallas/Documents/mini-tienda-productos/src/screens/FavoritesScreen.tsx","statementMap":{"0":{"start":{"line":15,"column":41},"end":{"line":146,"column":1}},"1":{"start":{"line":16,"column":20},"end":{"line":16,"column":65}},"2":{"start":{"line":16,"column":49},"end":{"line":16,"column":64}},"3":{"start":{"line":17,"column":25},"end":{"line":17,"column":75}},"4":{"start":{"line":17,"column":54},"end":{"line":17,"column":74}},"5":{"start":{"line":18,"column":34},"end":{"line":18,"column":93}},"6":{"start":{"line":18,"column":63},"end":{"line":18,"column":92}},"7":{"start":{"line":19,"column":21},"end":{"line":19,"column":52}},"8":{"start":{"line":21,"column":40},"end":{"line":21,"column":62}},"9":{"start":{"line":22,"column":46},"end":{"line":22,"column":61}},"10":{"start":{"line":24,"column":26},"end":{"line":24,"column":48}},"11":{"start":{"line":26,"column":29},"end":{"line":34,"column":8}},"12":{"start":{"line":27,"column":4},"end":{"line":33,"column":7}},"13":{"start":{"line":28,"column":6},"end":{"line":32,"column":7}},"14":{"start":{"line":29,"column":8},"end":{"line":29,"column":50}},"15":{"start":{"line":29,"column":37},"end":{"line":29,"column":48}},"16":{"start":{"line":31,"column":8},"end":{"line":31,"column":29}},"17":{"start":{"line":36,"column":22},"end":{"line":42,"column":58}},"18":{"start":{"line":37,"column":4},"end":{"line":41,"column":5}},"19":{"start":{"line":38,"column":6},"end":{"line":38,"column":29}},"20":{"start":{"line":40,"column":6},"end":{"line":40,"column":51}},"21":{"start":{"line":44,"column":26},"end":{"line":46,"column":26}},"22":{"start":{"line":45,"column":4},"end":{"line":45,"column":27}},"23":{"start":{"line":48,"column":30},"end":{"line":50,"column":8}},"24":{"start":{"line":49,"column":4},"end":{"line":49,"column":28}},"25":{"start":{"line":52,"column":30},"end":{"line":60,"column":77}},"26":{"start":{"line":53,"column":4},"end":{"line":58,"column":5}},"27":{"start":{"line":54,"column":6},"end":{"line":54,"column":43}},"28":{"start":{"line":55,"column":6},"end":{"line":55,"column":25}},"29":{"start":{"line":57,"column":6},"end":{"line":57,"column":23}},"30":{"start":{"line":59,"column":4},"end":{"line":59,"column":29}},"31":{"start":{"line":62,"column":2},"end":{"line":100,"column":95}},"32":{"start":{"line":63,"column":4},"end":{"line":99,"column":5}},"33":{"start":{"line":64,"column":6},"end":{"line":84,"column":9}},"34":{"start":{"line":67,"column":10},"end":{"line":73,"column":29}},"35":{"start":{"line":68,"column":27},"end":{"line":68,"column":45}},"36":{"start":{"line":76,"column":10},"end":{"line":82,"column":29}},"37":{"start":{"line":86,"column":6},"end":{"line":98,"column":9}},"38":{"start":{"line":89,"column":27},"end":{"line":97,"column":16}},"39":{"start":{"line":102,"column":46},"end":{"line":115,"column":49}},"40":{"start":{"line":103,"column":23},"end":{"line":103,"column":52}},"41":{"start":{"line":104,"column":4},"end":{"line":114,"column":6}},"42":{"start":{"line":117,"column":2},"end":{"line":145,"column":4}},"43":{"start":{"line":122,"column":32},"end":{"line":122,"column":50}},"44":{"start":{"line":130,"column":23},"end":{"line":130,"column":47}}},"fnMap":{"0":{"name":"(anonymous_0)","decl":{"start":{"line":15,"column":41},"end":{"line":15,"column":42}},"loc":{"start":{"line":15,"column":47},"end":{"line":146,"column":1}},"line":15},"1":{"name":"(anonymous_1)","decl":{"start":{"line":16,"column":38},"end":{"line":16,"column":39}},"loc":{"start":{"line":16,"column":49},"end":{"line":16,"column":64}},"line":16},"2":{"name":"(anonymous_2)","decl":{"start":{"line":17,"column":43},"end":{"line":17,"column":44}},"loc":{"start":{"line":17,"column":54},"end":{"line":17,"column":74}},"line":17},"3":{"name":"(anonymous_3)","decl":{"start":{"line":18,"column":52},"end":{"line":18,"column":53}},"loc":{"start":{"line":18,"column":63},"end":{"line":18,"column":92}},"line":18},"4":{"name":"(anonymous_4)","decl":{"start":{"line":26,"column":41},"end":{"line":26,"column":42}},"loc":{"start":{"line":26,"column":57},"end":{"line":34,"column":3}},"line":26},"5":{"name":"(anonymous_5)","decl":{"start":{"line":27,"column":19},"end":{"line":27,"column":20}},"loc":{"start":{"line":27,"column":29},"end":{"line":33,"column":5}},"line":27},"6":{"name":"(anonymous_6)","decl":{"start":{"line":29,"column":27},"end":{"line":29,"column":28}},"loc":{"start":{"line":29,"column":37},"end":{"line":29,"column":48}},"line":29},"7":{"name":"(anonymous_7)","decl":{"start":{"line":36,"column":34},"end":{"line":36,"column":35}},"loc":{"start":{"line":36,"column":50},"end":{"line":42,"column":3}},"line":36},"8":{"name":"(anonymous_8)","decl":{"start":{"line":44,"column":38},"end":{"line":44,"column":39}},"loc":{"start":{"line":44,"column":54},"end":{"line":46,"column":3}},"line":44},"9":{"name":"(anonymous_9)","decl":{"start":{"line":48,"column":42},"end":{"line":48,"column":43}},"loc":{"start":{"line":48,"column":48},"end":{"line":50,"column":3}},"line":48},"10":{"name":"(anonymous_10)","decl":{"start":{"line":52,"column":42},"end":{"line":52,"column":43}},"loc":{"start":{"line":52,"column":48},"end":{"line":60,"column":3}},"line":52},"11":{"name":"(anonymous_11)","decl":{"start":{"line":62,"column":12},"end":{"line":62,"column":13}},"loc":{"start":{"line":62,"column":18},"end":{"line":100,"column":3}},"line":62},"12":{"name":"(anonymous_12)","decl":{"start":{"line":66,"column":20},"end":{"line":66,"column":21}},"loc":{"start":{"line":67,"column":10},"end":{"line":73,"column":29}},"line":67},"13":{"name":"(anonymous_13)","decl":{"start":{"line":68,"column":21},"end":{"line":68,"column":22}},"loc":{"start":{"line":68,"column":27},"end":{"line":68,"column":45}},"line":68},"14":{"name":"(anonymous_14)","decl":{"start":{"line":75,"column":21},"end":{"line":75,"column":22}},"loc":{"start":{"line":76,"column":10},"end":{"line":82,"column":29}},"line":76},"15":{"name":"(anonymous_15)","decl":{"start":{"line":89,"column":21},"end":{"line":89,"column":22}},"loc":{"start":{"line":89,"column":27},"end":{"line":97,"column":16}},"line":89},"16":{"name":"(anonymous_16)","decl":{"start":{"line":102,"column":58},"end":{"line":102,"column":59}},"loc":{"start":{"line":102,"column":72},"end":{"line":115,"column":3}},"line":102},"17":{"name":"(anonymous_17)","decl":{"start":{"line":122,"column":22},"end":{"line":122,"column":23}},"loc":{"start":{"line":122,"column":32},"end":{"line":122,"column":50}},"line":122},"18":{"name":"(anonymous_18)","decl":{"start":{"line":130,"column":17},"end":{"line":130,"column":18}},"loc":{"start":{"line":130,"column":23},"end":{"line":130,"column":47}},"line":130}},"branchMap":{"0":{"loc":{"start":{"line":28,"column":6},"end":{"line":32,"column":7}},"type":"if","locations":[{"start":{"line":28,"column":6},"end":{"line":32,"column":7}},{"start":{"line":30,"column":13},"end":{"line":32,"column":7}}],"line":28},"1":{"loc":{"start":{"line":37,"column":4},"end":{"line":41,"column":5}},"type":"if","locations":[{"start":{"line":37,"column":4},"end":{"line":41,"column":5}},{"start":{"line":39,"column":11},"end":{"line":41,"column":5}}],"line":37},"2":{"loc":{"start":{"line":53,"column":4},"end":{"line":58,"column":5}},"type":"if","locations":[{"start":{"line":53,"column":4},"end":{"line":58,"column":5}},{"start":{"line":56,"column":11},"end":{"line":58,"column":5}}],"line":53},"3":{"loc":{"start":{"line":63,"column":4},"end":{"line":99,"column":5}},"type":"if","locations":[{"start":{"line":63,"column":4},"end":{"line":99,"column":5}},{"start":{"line":85,"column":11},"end":{"line":99,"column":5}}],"line":63},"4":{"loc":{"start":{"line":89,"column":27},"end":{"line":97,"column":16}},"type":"cond-expr","locations":[{"start":{"line":90,"column":10},"end":{"line":96,"column":29}},{"start":{"line":97,"column":12},"end":{"line":97,"column":16}}],"line":89},"5":{"loc":{"start":{"line":132,"column":15},"end":{"line":132,"column":94}},"type":"cond-expr","locations":[{"start":{"line":132,"column":33},"end":{"line":132,"column":59}},{"start":{"line":132,"column":62},"end":{"line":132,"column":94}}],"line":132},"6":{"loc":{"start":{"line":134,"column":10},"end":{"line":136,"column":93}},"type":"cond-expr","locations":[{"start":{"line":135,"column":14},"end":{"line":135,"column":113}},{"start":{"line":136,"column":14},"end":{"line":136,"column":93}}],"line":134}},"s":{"0":1,"1":18,"2":56,"3":18,"4":56,"5":18,"6":56,"7":18,"8":18,"9":18,"10":18,"11":18,"12":4,"13":4,"14":1,"15":1,"16":3,"17":18,"18":2,"19":1,"20":1,"21":18,"22":3,"23":18,"24":3,"25":18,"26":2,"27":1,"28":1,"29":1,"30":2,"31":18,"32":18,"33":4,"34":1,"35":1,"36":1,"37":14,"38":2,"39":18,"40":21,"41":21,"42":18,"43":28,"44":1},"f":{"0":18,"1":56,"2":56,"3":56,"4":4,"5":4,"6":1,"7":2,"8":3,"9":3,"10":2,"11":18,"12":1,"13":1,"14":1,"15":2,"16":21,"17":28,"18":1},"b":{"0":[1,3],"1":[1,1],"2":[1,1],"3":[4,14],"4":[2,0],"5":[4,14],"6":[4,14]},"_coverageSchema":"1a1c01bbd47fc00a2c39e90264f33305004495a9","hash":"79dd9220b38e51c4472ace6a2e640c66e4cf6224"}
,"/home/sergiocasallas/Documents/mini-tienda-productos/src/screens/LoginScreen.tsx": {"path":"/home/sergiocasallas/Documents/mini-tienda-productos/src/screens/LoginScreen.tsx","statementMap":{"0":{"start":{"line":17,"column":37},"end":{"line":128,"column":1}},"1":{"start":{"line":18,"column":16},"end":{"line":18,"column":52}},"2":{"start":{"line":18,"column":40},"end":{"line":18,"column":51}},"3":{"start":{"line":19,"column":34},"end":{"line":19,"column":46}},"4":{"start":{"line":20,"column":34},"end":{"line":20,"column":46}},"5":{"start":{"line":21,"column":28},"end":{"line":21,"column":40}},"6":{"start":{"line":22,"column":32},"end":{"line":22,"column":47}},"7":{"start":{"line":24,"column":22},"end":{"line":37,"column":33}},"8":{"start":{"line":25,"column":4},"end":{"line":28,"column":5}},"9":{"start":{"line":26,"column":6},"end":{"line":26,"column":62}},"10":{"start":{"line":27,"column":6},"end":{"line":27,"column":13}},"11":{"start":{"line":29,"column":4},"end":{"line":29,"column":17}},"12":{"start":{"line":30,"column":4},"end":{"line":30,"column":21}},"13":{"start":{"line":33,"column":4},"end":{"line":36,"column":12}},"14":{"start":{"line":34,"column":6},"end":{"line":34,"column":29}},"15":{"start":{"line":35,"column":6},"end":{"line":35,"column":24}},"16":{"start":{"line":39,"column":2},"end":{"line":127,"column":4}}},"fnMap":{"0":{"name":"(anonymous_0)","decl":{"start":{"line":17,"column":37},"end":{"line":17,"column":38}},"loc":{"start":{"line":17,"column":43},"end":{"line":128,"column":1}},"line":17},"1":{"name":"(anonymous_1)","decl":{"start":{"line":18,"column":29},"end":{"line":18,"column":30}},"loc":{"start":{"line":18,"column":40},"end":{"line":18,"column":51}},"line":18},"2":{"name":"(anonymous_2)","decl":{"start":{"line":24,"column":34},"end":{"line":24,"column":35}},"loc":{"start":{"line":24,"column":40},"end":{"line":37,"column":3}},"line":24},"3":{"name":"(anonymous_3)","decl":{"start":{"line":33,"column":15},"end":{"line":33,"column":16}},"loc":{"start":{"line":33,"column":21},"end":{"line":36,"column":5}},"line":33}},"branchMap":{"0":{"loc":{"start":{"line":25,"column":4},"end":{"line":28,"column":5}},"type":"if","locations":[{"start":{"line":25,"column":4},"end":{"line":28,"column":5}},{"start":{},"end":{}}],"line":25},"1":{"loc":{"start":{"line":25,"column":8},"end":{"line":25,"column":44}},"type":"binary-expr","locations":[{"start":{"line":25,"column":8},"end":{"line":25,"column":24}},{"start":{"line":25,"column":28},"end":{"line":25,"column":44}}],"line":25},"2":{"loc":{"start":{"line":42,"column":18},"end":{"line":42,"column":62}},"type":"cond-expr","locations":[{"start":{"line":42,"column":42},"end":{"line":42,"column":51}},{"start":{"line":42,"column":54},"end":{"line":42,"column":62}}],"line":42},"3":{"loc":{"start":{"line":97,"column":15},"end":{"line":102,"column":22}},"type":"cond-expr","locations":[{"start":{"line":98,"column":16},"end":{"line":101,"column":23}},{"start":{"line":102,"column":18},"end":{"line":102,"column":22}}],"line":97},"4":{"loc":{"start":{"line":110,"column":17},"end":{"line":114,"column":17}},"type":"cond-expr","locations":[{"start":{"line":111,"column":18},"end":{"line":111,"column":53}},{"start":{"line":113,"column":18},"end":{"line":113,"column":88}}],"line":110}},"s":{"0":1,"1":9,"2":28,"3":9,"4":9,"5":9,"6":9,"7":9,"8":2,"9":1,"10":1,"11":1,"12":1,"13":1,"14":1,"15":1,"16":9},"f":{"0":9,"1":28,"2":2,"3":1},"b":{"0":[1,1],"1":[2,1],"2":[8,1],"3":[1,8],"4":[1,8]},"_coverageSchema":"1a1c01bbd47fc00a2c39e90264f33305004495a9","hash":"2327ce2c025d153724a47316c0443092e45bdf89"}
,"/home/sergiocasallas/Documents/mini-tienda-productos/src/store/authStore.ts": {"path":"/home/sergiocasallas/Documents/mini-tienda-productos/src/store/authStore.ts","statementMap":{"0":{"start":{"line":5,"column":16},"end":{"line":5,"column":50}},"1":{"start":{"line":7,"column":37},"end":{"line":18,"column":1}},"2":{"start":{"line":9,"column":4},"end":{"line":9,"column":36}},"3":{"start":{"line":12,"column":18},"end":{"line":12,"column":41}},"4":{"start":{"line":13,"column":4},"end":{"line":13,"column":25}},"5":{"start":{"line":16,"column":4},"end":{"line":16,"column":32}},"6":{"start":{"line":27,"column":28},"end":{"line":40,"column":1}},"7":{"start":{"line":29,"column":14},"end":{"line":34,"column":5}},"8":{"start":{"line":32,"column":27},"end":{"line":32,"column":62}},"9":{"start":{"line":33,"column":20},"end":{"line":33,"column":62}},"10":{"start":{"line":37,"column":39},"end":{"line":37,"column":53}}},"fnMap":{"0":{"name":"(anonymous_0)","decl":{"start":{"line":8,"column":11},"end":{"line":8,"column":12}},"loc":{"start":{"line":8,"column":28},"end":{"line":10,"column":3}},"line":8},"1":{"name":"(anonymous_1)","decl":{"start":{"line":11,"column":11},"end":{"line":11,"column":12}},"loc":{"start":{"line":11,"column":21},"end":{"line":14,"column":3}},"line":11},"2":{"name":"(anonymous_2)","decl":{"start":{"line":15,"column":14},"end":{"line":15,"column":15}},"loc":{"start":{"line":15,"column":24},"end":{"line":17,"column":3}},"line":15},"3":{"name":"(anonymous_3)","decl":{"start":{"line":29,"column":4},"end":{"line":29,"column":5}},"loc":{"start":{"line":29,"column":14},"end":{"line":34,"column":5}},"line":29},"4":{"name":"(anonymous_4)","decl":{"start":{"line":32,"column":13},"end":{"line":32,"column":14}},"loc":{"start":{"line":32,"column":27},"end":{"line":32,"column":62}},"line":32},"5":{"name":"(anonymous_5)","decl":{"start":{"line":33,"column":14},"end":{"line":33,"column":15}},"loc":{"start":{"line":33,"column":20},"end":{"line":33,"column":62}},"line":33},"6":{"name":"(anonymous_6)","decl":{"start":{"line":37,"column":33},"end":{"line":37,"column":34}},"loc":{"start":{"line":37,"column":39},"end":{"line":37,"column":53}},"line":37}},"branchMap":{"0":{"loc":{"start":{"line":13,"column":11},"end":{"line":13,"column":24}},"type":"binary-expr","locations":[{"start":{"line":13,"column":11},"end":{"line":13,"column":16}},{"start":{"line":13,"column":20},"end":{"line":13,"column":24}}],"line":13}},"s":{"0":2,"1":2,"2":12,"3":2,"4":2,"5":1,"6":2,"7":2,"8":3,"9":1,"10":2},"f":{"0":12,"1":2,"2":1,"3":2,"4":3,"5":1,"6":2},"b":{"0":[2,2]},"_coverageSchema":"1a1c01bbd47fc00a2c39e90264f33305004495a9","hash":"fa85528d868c300bf2744287da20dd5b7fc1fa04"}
,"/home/sergiocasallas/Documents/mini-tienda-productos/src/store/favoritesStore.ts": {"path":"/home/sergiocasallas/Documents/mini-tienda-productos/src/store/favoritesStore.ts","statementMap":{"0":{"start":{"line":6,"column":16},"end":{"line":6,"column":55}},"1":{"start":{"line":8,"column":37},"end":{"line":19,"column":1}},"2":{"start":{"line":10,"column":4},"end":{"line":10,"column":36}},"3":{"start":{"line":13,"column":18},"end":{"line":13,"column":41}},"4":{"start":{"line":14,"column":4},"end":{"line":14,"column":25}},"5":{"start":{"line":17,"column":4},"end":{"line":17,"column":32}},"6":{"start":{"line":31,"column":33},"end":{"line":56,"column":1}},"7":{"start":{"line":33,"column":19},"end":{"line":50,"column":5}},"8":{"start":{"line":35,"column":32},"end":{"line":35,"column":94}},"9":{"start":{"line":35,"column":48},"end":{"line":35,"column":92}},"10":{"start":{"line":37,"column":10},"end":{"line":37,"column":92}},"11":{"start":{"line":37,"column":26},"end":{"line":37,"column":90}},"12":{"start":{"line":37,"column":69},"end":{"line":37,"column":87}},"13":{"start":{"line":39,"column":10},"end":{"line":39,"column":100}},"14":{"start":{"line":39,"column":26},"end":{"line":39,"column":98}},"15":{"start":{"line":39,"column":69},"end":{"line":39,"column":95}},"16":{"start":{"line":41,"column":60},"end":{"line":41,"column":65}},"17":{"start":{"line":42,"column":8},"end":{"line":46,"column":9}},"18":{"start":{"line":43,"column":10},"end":{"line":43,"column":37}},"19":{"start":{"line":45,"column":10},"end":{"line":45,"column":31}},"20":{"start":{"line":48,"column":33},"end":{"line":48,"column":80}},"21":{"start":{"line":48,"column":61},"end":{"line":48,"column":79}},"22":{"start":{"line":49,"column":28},"end":{"line":49,"column":50}},"23":{"start":{"line":53,"column":39},"end":{"line":53,"column":53}}},"fnMap":{"0":{"name":"(anonymous_0)","decl":{"start":{"line":9,"column":11},"end":{"line":9,"column":12}},"loc":{"start":{"line":9,"column":28},"end":{"line":11,"column":3}},"line":9},"1":{"name":"(anonymous_1)","decl":{"start":{"line":12,"column":11},"end":{"line":12,"column":12}},"loc":{"start":{"line":12,"column":21},"end":{"line":15,"column":3}},"line":12},"2":{"name":"(anonymous_2)","decl":{"start":{"line":16,"column":14},"end":{"line":16,"column":15}},"loc":{"start":{"line":16,"column":24},"end":{"line":18,"column":3}},"line":16},"3":{"name":"(anonymous_3)","decl":{"start":{"line":33,"column":4},"end":{"line":33,"column":5}},"loc":{"start":{"line":33,"column":19},"end":{"line":50,"column":5}},"line":33},"4":{"name":"(anonymous_4)","decl":{"start":{"line":35,"column":19},"end":{"line":35,"column":20}},"loc":{"start":{"line":35,"column":32},"end":{"line":35,"column":94}},"line":35},"5":{"name":"(anonymous_5)","decl":{"start":{"line":35,"column":36},"end":{"line":35,"column":37}},"loc":{"start":{"line":35,"column":48},"end":{"line":35,"column":92}},"line":35},"6":{"name":"(anonymous_6)","decl":{"start":{"line":36,"column":22},"end":{"line":36,"column":23}},"loc":{"start":{"line":37,"column":10},"end":{"line":37,"column":92}},"line":37},"7":{"name":"(anonymous_7)","decl":{"start":{"line":37,"column":14},"end":{"line":37,"column":15}},"loc":{"start":{"line":37,"column":26},"end":{"line":37,"column":90}},"line":37},"8":{"name":"(anonymous_8)","decl":{"start":{"line":37,"column":62},"end":{"line":37,"column":63}},"loc":{"start":{"line":37,"column":69},"end":{"line":37,"column":87}},"line":37},"9":{"name":"(anonymous_9)","decl":{"start":{"line":38,"column":31},"end":{"line":38,"column":32}},"loc":{"start":{"line":39,"column":10},"end":{"line":39,"column":100}},"line":39},"10":{"name":"(anonymous_10)","decl":{"start":{"line":39,"column":14},"end":{"line":39,"column":15}},"loc":{"start":{"line":39,"column":26},"end":{"line":39,"column":98}},"line":39},"11":{"name":"(anonymous_11)","decl":{"start":{"line":39,"column":62},"end":{"line":39,"column":63}},"loc":{"start":{"line":39,"column":69},"end":{"line":39,"column":95}},"line":39},"12":{"name":"(anonymous_12)","decl":{"start":{"line":40,"column":22},"end":{"line":40,"column":23}},"loc":{"start":{"line":40,"column":35},"end":{"line":47,"column":7}},"line":40},"13":{"name":"(anonymous_13)","decl":{"start":{"line":48,"column":18},"end":{"line":48,"column":19}},"loc":{"start":{"line":48,"column":33},"end":{"line":48,"column":80}},"line":48},"14":{"name":"(anonymous_14)","decl":{"start":{"line":48,"column":54},"end":{"line":48,"column":55}},"loc":{"start":{"line":48,"column":61},"end":{"line":48,"column":79}},"line":48},"15":{"name":"(anonymous_15)","decl":{"start":{"line":49,"column":22},"end":{"line":49,"column":23}},"loc":{"start":{"line":49,"column":28},"end":{"line":49,"column":50}},"line":49},"16":{"name":"(anonymous_16)","decl":{"start":{"line":53,"column":33},"end":{"line":53,"column":34}},"loc":{"start":{"line":53,"column":39},"end":{"line":53,"column":53}},"line":53}},"branchMap":{"0":{"loc":{"start":{"line":14,"column":11},"end":{"line":14,"column":24}},"type":"binary-expr","locations":[{"start":{"line":14,"column":11},"end":{"line":14,"column":16}},{"start":{"line":14,"column":20},"end":{"line":14,"column":24}}],"line":14},"1":{"loc":{"start":{"line":42,"column":8},"end":{"line":46,"column":9}},"type":"if","locations":[{"start":{"line":42,"column":8},"end":{"line":46,"column":9}},{"start":{"line":44,"column":15},"end":{"line":46,"column":9}}],"line":42}},"s":{"0":2,"1":2,"2":33,"3":2,"4":2,"5":1,"6":2,"7":2,"8":8,"9":8,"10":2,"11":2,"12":2,"13":2,"14":2,"15":5,"16":2,"17":2,"18":1,"19":1,"20":2,"21":1,"22":2,"23":2},"f":{"0":33,"1":2,"2":1,"3":2,"4":8,"5":8,"6":2,"7":2,"8":2,"9":2,"10":2,"11":5,"12":2,"13":2,"14":1,"15":2,"16":2},"b":{"0":[2,2],"1":[1,1]},"_coverageSchema":"1a1c01bbd47fc00a2c39e90264f33305004495a9","hash":"9524a4ff8927f06f357ba3d5a6256061669b4555"}
}
