TN:
SF:src/components/ConfirmationModal.tsx
FN:18,(anonymous_0)
FN:45,(anonymous_1)
FNF:2
FNH:2
FNDA:22,(anonymous_0)
FNDA:1,(anonymous_1)
DA:18,2
DA:30,22
DA:45,1
LF:3
LH:3
BRDA:24,0,0,3
BRDA:25,1,0,3
BRDA:26,2,0,4
BRDA:27,3,0,4
BRDA:28,4,0,4
BRF:5
BRH:5
end_of_record
TN:
SF:src/components/EmptyState.tsx
FN:9,(anonymous_0)
FNF:1
FNH:1
FNDA:2,(anonymous_0)
DA:9,1
DA:10,2
LF:2
LH:2
BRF:0
BRH:0
end_of_record
TN:
SF:src/components/ProductListItem.tsx
FN:14,(anonymous_0)
FN:26,(anonymous_1)
FN:27,(anonymous_2)
FN:58,(anonymous_3)
FNF:4
FNH:4
FNDA:23,(anonymous_0)
FNDA:3,(anonymous_1)
FNDA:3,(anonymous_2)
FNDA:20,(anonymous_3)
DA:14,2
DA:21,23
DA:26,3
DA:27,3
DA:58,2
DA:59,20
LF:6
LH:6
BRDA:18,0,0,1
BRDA:19,1,0,2
BRDA:24,2,0,4
BRDA:24,2,1,19
BRDA:27,3,0,21
BRDA:27,3,1,2
BRDA:31,4,0,23
BRDA:31,4,1,4
BRDA:49,5,0,23
BRDA:49,5,1,1
BRDA:60,6,0,20
BRDA:60,6,1,19
BRDA:60,6,2,18
BRDA:60,6,3,12
BRDA:60,6,4,2
BRF:15
BRH:15
end_of_record
TN:
SF:src/components/SkeletonLoader.tsx
FN:18,(anonymous_0)
FN:26,(anonymous_1)
FN:37,(anonymous_2)
FNF:3
FNH:3
FNDA:9,(anonymous_0)
FNDA:9,(anonymous_1)
FNDA:9,(anonymous_2)
DA:18,1
DA:24,9
DA:26,9
DA:27,9
DA:37,9
DA:41,9
LF:6
LH:6
BRDA:21,0,0,0
BRDA:22,1,0,3
BRF:2
BRH:1
end_of_record
TN:
SF:src/components/SuggestedProducts.tsx
FN:23,(anonymous_0)
FN:31,(anonymous_1)
FN:42,(anonymous_2)
FN:46,(anonymous_3)
FN:50,(anonymous_4)
FN:106,(anonymous_5)
FN:118,(anonymous_6)
FN:123,(anonymous_7)
FN:124,(anonymous_8)
FN:126,(anonymous_9)
FN:129,(anonymous_10)
FN:131,(anonymous_11)
FN:137,(anonymous_12)
FN:138,(anonymous_13)
FN:151,(anonymous_14)
FN:162,(anonymous_15)
FNF:16
FNH:16
FNDA:10,(anonymous_0)
FNDA:10,(anonymous_1)
FNDA:10,(anonymous_2)
FNDA:2,(anonymous_3)
FNDA:1,(anonymous_4)
FNDA:4,(anonymous_5)
FNDA:7,(anonymous_6)
FNDA:23,(anonymous_7)
FNDA:23,(anonymous_8)
FNDA:5,(anonymous_9)
FNDA:12,(anonymous_10)
FNDA:4,(anonymous_11)
FNDA:12,(anonymous_12)
FNDA:4,(anonymous_13)
FNDA:16,(anonymous_14)
FNDA:3,(anonymous_15)
DA:23,1
DA:29,10
DA:31,10
DA:32,10
DA:33,2
DA:38,8
DA:42,10
DA:46,10
DA:47,2
DA:50,10
DA:51,1
DA:54,10
DA:104,1
DA:107,4
DA:118,1
DA:122,7
DA:123,23
DA:124,23
DA:126,7
DA:127,5
DA:129,12
DA:131,4
DA:133,4
DA:136,7
DA:138,12
DA:139,12
DA:151,16
DA:153,7
DA:154,0
DA:157,7
DA:158,1
DA:163,3
DA:174,6
DA:175,0
DA:178,6
LF:35
LH:33
BRDA:32,0,0,2
BRDA:32,0,1,8
BRDA:74,1,0,2
BRDA:74,1,1,8
BRDA:76,2,0,2
BRDA:76,2,1,8
BRDA:84,3,0,10
BRDA:84,3,1,0
BRDA:107,4,0,4
BRDA:107,4,1,4
BRDA:107,4,2,2
BRDA:107,4,3,2
BRDA:127,5,0,1
BRDA:127,5,1,4
BRDA:127,6,0,5
BRDA:127,6,1,5
BRDA:153,7,0,0
BRDA:153,7,1,7
BRDA:157,8,0,1
BRDA:157,8,1,6
BRDA:174,9,0,0
BRDA:174,9,1,6
BRF:22
BRH:19
end_of_record
TN:
SF:src/components/SwipeableRow.tsx
FN:12,(anonymous_0)
FN:22,(anonymous_1)
FN:33,(anonymous_2)
FN:37,(anonymous_3)
FN:41,(anonymous_4)
FN:50,(anonymous_5)
FN:62,(anonymous_6)
FN:63,(anonymous_7)
FNF:8
FNH:8
FNDA:7,(anonymous_0)
FNDA:7,(anonymous_1)
FNDA:2,(anonymous_2)
FNDA:1,(anonymous_3)
FNDA:3,(anonymous_4)
FNDA:2,(anonymous_5)
FNDA:1,(anonymous_6)
FNDA:1,(anonymous_7)
DA:12,1
DA:18,7
DA:19,7
DA:20,7
DA:22,7
DA:23,7
DA:31,7
DA:34,2
DA:35,2
DA:38,1
DA:39,1
DA:42,3
DA:43,3
DA:45,3
DA:46,2
DA:51,2
DA:54,1
DA:62,1
DA:64,1
DA:74,7
DA:80,7
DA:86,7
DA:92,7
DA:118,1
LF:24
LH:24
BRDA:15,0,0,4
BRDA:16,1,0,7
BRDA:35,2,0,2
BRDA:35,2,1,1
BRDA:35,2,2,1
BRDA:42,3,0,3
BRDA:42,3,1,1
BRDA:45,4,0,2
BRDA:45,4,1,1
BRDA:45,5,0,3
BRDA:45,5,1,2
BRDA:98,6,0,0
BRDA:98,6,1,7
BRF:13
BRH:12
end_of_record
TN:
SF:src/components/Toast.tsx
FN:14,(anonymous_0)
FN:25,(anonymous_1)
FN:40,(anonymous_2)
FN:52,(anonymous_3)
FN:57,(anonymous_4)
FNF:5
FNH:5
FNDA:3,(anonymous_0)
FNDA:3,(anonymous_1)
FNDA:1,(anonymous_2)
FNDA:1,(anonymous_3)
FNDA:2,(anonymous_4)
DA:14,1
DA:22,3
DA:23,3
DA:25,3
DA:26,3
DA:27,2
DA:40,2
DA:41,1
DA:53,1
DA:57,2
DA:61,3
DA:63,2
DA:80,1
LF:13
LH:13
BRDA:17,0,0,2
BRDA:19,1,0,3
BRDA:20,2,0,3
BRDA:26,3,0,2
BRDA:26,3,1,1
BRDA:61,4,0,1
BRDA:61,4,1,2
BRF:7
BRH:7
end_of_record
TN:
SF:src/screens/FavoritesScreen.tsx
FN:15,(anonymous_0)
FN:16,(anonymous_1)
FN:17,(anonymous_2)
FN:18,(anonymous_3)
FN:26,(anonymous_4)
FN:27,(anonymous_5)
FN:29,(anonymous_6)
FN:36,(anonymous_7)
FN:44,(anonymous_8)
FN:48,(anonymous_9)
FN:52,(anonymous_10)
FN:62,(anonymous_11)
FN:66,(anonymous_12)
FN:68,(anonymous_13)
FN:75,(anonymous_14)
FN:89,(anonymous_15)
FN:102,(anonymous_16)
FN:117,(anonymous_17)
FN:134,(anonymous_18)
FN:143,(anonymous_19)
FNF:20
FNH:20
FNDA:18,(anonymous_0)
FNDA:56,(anonymous_1)
FNDA:56,(anonymous_2)
FNDA:56,(anonymous_3)
FNDA:4,(anonymous_4)
FNDA:4,(anonymous_5)
FNDA:1,(anonymous_6)
FNDA:2,(anonymous_7)
FNDA:3,(anonymous_8)
FNDA:3,(anonymous_9)
FNDA:2,(anonymous_10)
FNDA:18,(anonymous_11)
FNDA:1,(anonymous_12)
FNDA:1,(anonymous_13)
FNDA:1,(anonymous_14)
FNDA:2,(anonymous_15)
FNDA:21,(anonymous_16)
FNDA:18,(anonymous_17)
FNDA:28,(anonymous_18)
FNDA:1,(anonymous_19)
DA:15,1
DA:16,56
DA:17,56
DA:18,56
DA:19,18
DA:21,18
DA:22,18
DA:24,18
DA:26,18
DA:27,4
DA:28,4
DA:29,1
DA:31,3
DA:36,18
DA:37,2
DA:38,1
DA:40,1
DA:44,18
DA:45,3
DA:48,18
DA:49,3
DA:52,18
DA:53,2
DA:54,1
DA:55,1
DA:57,1
DA:59,2
DA:62,18
DA:63,18
DA:64,4
DA:67,1
DA:68,1
DA:76,1
DA:86,14
DA:89,2
DA:102,18
DA:103,21
DA:104,21
DA:117,18
DA:118,18
DA:119,16
DA:129,18
DA:134,28
DA:143,1
LF:44
LH:44
BRDA:28,0,0,1
BRDA:28,0,1,3
BRDA:37,1,0,1
BRDA:37,1,1,1
BRDA:53,2,0,1
BRDA:53,2,1,1
BRDA:63,3,0,4
BRDA:63,3,1,14
BRDA:89,4,0,2
BRDA:89,4,1,0
BRDA:118,5,0,2
BRDA:118,5,1,16
BRDA:145,6,0,4
BRDA:145,6,1,14
BRDA:147,7,0,4
BRDA:147,7,1,14
BRF:16
BRH:15
end_of_record
TN:
SF:src/screens/LoginScreen.tsx
FN:17,(anonymous_0)
FN:18,(anonymous_1)
FN:24,(anonymous_2)
FN:33,(anonymous_3)
FNF:4
FNH:4
FNDA:9,(anonymous_0)
FNDA:28,(anonymous_1)
FNDA:2,(anonymous_2)
FNDA:1,(anonymous_3)
DA:17,1
DA:18,28
DA:19,9
DA:20,9
DA:21,9
DA:22,9
DA:24,9
DA:25,2
DA:26,1
DA:27,1
DA:29,1
DA:30,1
DA:33,1
DA:34,1
DA:35,1
DA:39,9
LF:16
LH:16
BRDA:25,0,0,1
BRDA:25,0,1,1
BRDA:25,1,0,2
BRDA:25,1,1,1
BRDA:42,2,0,8
BRDA:42,2,1,1
BRDA:97,3,0,1
BRDA:97,3,1,8
BRDA:110,4,0,1
BRDA:110,4,1,8
BRF:10
BRH:10
end_of_record
TN:
SF:src/store/authStore.ts
FN:8,(anonymous_0)
FN:11,(anonymous_1)
FN:15,(anonymous_2)
FN:29,(anonymous_3)
FN:32,(anonymous_4)
FN:33,(anonymous_5)
FN:37,(anonymous_6)
FNF:7
FNH:7
FNDA:12,(anonymous_0)
FNDA:2,(anonymous_1)
FNDA:1,(anonymous_2)
FNDA:2,(anonymous_3)
FNDA:3,(anonymous_4)
FNDA:1,(anonymous_5)
FNDA:2,(anonymous_6)
DA:5,2
DA:7,2
DA:9,12
DA:12,2
DA:13,2
DA:16,1
DA:27,2
DA:29,2
DA:32,3
DA:33,1
DA:37,2
LF:11
LH:11
BRDA:13,0,0,2
BRDA:13,0,1,2
BRF:2
BRH:2
end_of_record
TN:
SF:src/store/favoritesStore.ts
FN:9,(anonymous_0)
FN:12,(anonymous_1)
FN:16,(anonymous_2)
FN:33,(anonymous_3)
FN:35,(anonymous_4)
FN:35,(anonymous_5)
FN:36,(anonymous_6)
FN:37,(anonymous_7)
FN:37,(anonymous_8)
FN:38,(anonymous_9)
FN:39,(anonymous_10)
FN:39,(anonymous_11)
FN:40,(anonymous_12)
FN:48,(anonymous_13)
FN:48,(anonymous_14)
FN:49,(anonymous_15)
FN:53,(anonymous_16)
FNF:17
FNH:17
FNDA:41,(anonymous_0)
FNDA:3,(anonymous_1)
FNDA:1,(anonymous_2)
FNDA:3,(anonymous_3)
FNDA:9,(anonymous_4)
FNDA:9,(anonymous_5)
FNDA:3,(anonymous_6)
FNDA:3,(anonymous_7)
FNDA:3,(anonymous_8)
FNDA:2,(anonymous_9)
FNDA:2,(anonymous_10)
FNDA:5,(anonymous_11)
FNDA:4,(anonymous_12)
FNDA:4,(anonymous_13)
FNDA:2,(anonymous_14)
FNDA:2,(anonymous_15)
FNDA:3,(anonymous_16)
DA:6,3
DA:8,3
DA:10,41
DA:13,3
DA:14,3
DA:17,1
DA:31,3
DA:33,3
DA:35,9
DA:37,3
DA:39,5
DA:41,4
DA:42,4
DA:43,2
DA:45,2
DA:48,4
DA:49,2
DA:53,3
LF:18
LH:18
BRDA:14,0,0,3
BRDA:14,0,1,3
BRDA:42,1,0,2
BRDA:42,1,1,2
BRF:4
BRH:4
end_of_record
